[2019-07-24T22:27:55,272 ERROR] io.rsbox.engine.service.GameService - Error with task MessageHandlerTask.
kotlin.UninitializedPropertyAccessException: lateinit property args has not been initialized
	at io.rsbox.api.event.Event.getArgs(Event.kt:9) ~[api-1.0.jar:?]
	at io.rsbox.api.event.inter.ButtonClickEvent.init(ButtonClickEvent.kt:19) ~[api-1.0.jar:?]
	at io.rsbox.api.event.EventManager.fireEvent(EventManager.kt:24) ~[api-1.0.jar:?]
	at io.rsbox.engine.message.handler.IfButton1Handler.handle(IfButton1Handler.kt:34) ~[main/:?]
	at io.rsbox.engine.message.handler.IfButton1Handler.handle(IfButton1Handler.kt:17) ~[main/:?]
	at io.rsbox.engine.system.GameSystem.handleMessages(GameSystem.kt:56) ~[main/:?]
	at io.rsbox.engine.model.entity.RSClient.handleMessages(RSClient.kt:94) ~[main/:?]
	at io.rsbox.engine.task.MessageHandlerTask$execute$1.invoke(MessageHandlerTask.kt:17) ~[main/:?]
	at io.rsbox.engine.task.MessageHandlerTask$execute$1.invoke(MessageHandlerTask.kt:12) ~[main/:?]
	at io.rsbox.engine.model.PawnList.forEach(PawnList.kt:36) ~[main/:?]
	at io.rsbox.engine.task.MessageHandlerTask.execute(MessageHandlerTask.kt:15) ~[main/:?]
	at io.rsbox.engine.service.GameService.cycle(GameService.kt:227) [main/:?]
	at io.rsbox.engine.service.GameService.access$cycle(GameService.kt:33) [main/:?]
	at io.rsbox.engine.service.GameService$init$1.invoke(GameService.kt:129) [main/:?]
	at io.rsbox.engine.service.GameService$init$1.invoke(GameService.kt:33) [main/:?]
	at io.rsbox.engine.service.GameService$sam$java_lang_Runnable$0.run(GameService.kt) [main/:?]
	at java.util.concurrent.Executors$RunnableAdapter.call(Executors.java:511) [?:1.8.0_201]
	at java.util.concurrent.FutureTask.runAndReset(FutureTask.java:308) [?:1.8.0_201]
	at java.util.concurrent.ScheduledThreadPoolExecutor$ScheduledFutureTask.access$301(ScheduledThreadPoolExecutor.java:180) [?:1.8.0_201]
	at java.util.concurrent.ScheduledThreadPoolExecutor$ScheduledFutureTask.run(ScheduledThreadPoolExecutor.java:294) [?:1.8.0_201]
	at java.util.concurrent.ThreadPoolExecutor.runWorker(ThreadPoolExecutor.java:1149) [?:1.8.0_201]
	at java.util.concurrent.ThreadPoolExecutor$Worker.run(ThreadPoolExecutor.java:624) [?:1.8.0_201]
	at java.lang.Thread.run(Thread.java:748) [?:1.8.0_201]
